<?xml version="1.0" encoding="UTF-8"?>
<testng-results ignored="0" total="1" passed="1" failed="0" skipped="0">
  <reporter-output>
  </reporter-output>
  <suite started-at="2021-10-30T16:08:49 IST" name="Default suite" finished-at="2021-10-30T16:08:51 IST" duration-ms="1678">
    <groups>
    </groups>
    <test started-at="2021-10-30T16:08:49 IST" name="Default test" finished-at="2021-10-30T16:08:51 IST" duration-ms="1678">
      <class name="sdet21.EndToEndRMGY.CreateProjectAndVerifyInDatabase">
        <test-method is-config="true" signature="bsConfig()[pri:0, instance:sdet21.EndToEndRMGY.CreateProjectAndVerifyInDatabase@1da2cb77]" started-at="2021-10-30T16:08:48 IST" name="bsConfig" finished-at="2021-10-30T16:08:49 IST" duration-ms="739" status="PASS">
          <reporter-output>
          </reporter-output>
        </test-method> <!-- bsConfig -->
        <test-method signature="createProjectAndVerifyInDB()[pri:0, instance:sdet21.EndToEndRMGY.CreateProjectAndVerifyInDatabase@1da2cb77]" started-at="2021-10-30T16:08:49 IST" name="createProjectAndVerifyInDB" finished-at="2021-10-30T16:08:51 IST" duration-ms="1651" status="PASS">
          <reporter-output>
          </reporter-output>
        </test-method> <!-- createProjectAndVerifyInDB -->
        <test-method is-config="true" signature="asConfig()[pri:0, instance:sdet21.EndToEndRMGY.CreateProjectAndVerifyInDatabase@1da2cb77]" started-at="2021-10-30T16:08:51 IST" name="asConfig" finished-at="2021-10-30T16:08:51 IST" duration-ms="8" status="PASS">
          <reporter-output>
          </reporter-output>
        </test-method> <!-- asConfig -->
      </class> <!-- sdet21.EndToEndRMGY.CreateProjectAndVerifyInDatabase -->
    </test> <!-- Default test -->
  </suite> <!-- Default suite -->
</testng-results>
